2025-06-02T17:27:39.230285+0200 - INFO -  Resampling atlas to voxel size (1.5, 1.5, 1.5)...
2025-06-02T17:27:39.230285+0200 - INFO - 游늭 Loading NIfTI image from: C:\Users\daria\OneDrive\Desktop\ESAME\BN_Atlas_246_2mm.nii.gz
2025-06-02T17:27:39.296904+0200 - DEBUG - Original voxel size: (np.float32(2.0), np.float32(2.0), np.float32(2.0))
2025-06-02T17:27:39.298917+0200 - INFO - 游댌 Calculated zoom factors for resampling: [1.33333333 1.33333333 1.33333333]
2025-06-02T17:27:39.298917+0200 - INFO - 游대 Resampling image with interpolation order 0...
2025-06-02T17:27:39.659347+0200 - SUCCESS - 游 Resampled image saved successfully to: C:\Users\daria\OneDrive\Desktop\ESAME\BN_Atlas_riscalato.nii.gz
2025-06-02T17:27:39.676683+0200 - INFO - 游댢 Starting MATLAB engine...
2025-06-02T17:30:12.597549+0200 - INFO -  Resampling atlas to voxel size (1.5, 1.5, 1.5)...
2025-06-02T17:30:12.597549+0200 - INFO - 游늭 Loading NIfTI image from: C:\Users\daria\OneDrive\Desktop\ESAME\BN_Atlas_246_2mm.nii.gz
2025-06-02T17:30:12.624598+0200 - DEBUG - Original voxel size: (np.float32(2.0), np.float32(2.0), np.float32(2.0))
2025-06-02T17:30:12.624598+0200 - INFO - 游댌 Calculated zoom factors for resampling: [1.33333333 1.33333333 1.33333333]
2025-06-02T17:30:12.624598+0200 - INFO - 游대 Resampling image with interpolation order 0...
2025-06-02T17:30:12.942518+0200 - SUCCESS - 游 Resampled image saved successfully to: C:\Users\daria\OneDrive\Desktop\ESAME\BN_Atlas_riscalato.nii.gz
2025-06-02T17:30:12.942518+0200 - INFO - 游댢 Starting MATLAB engine...
2025-06-02T17:30:26.105905+0200 - INFO -  Extracting features from NIfTI images using MATLAB...
2025-06-02T17:41:39.596879+0200 - SUCCESS -  Feature extraction completed successfully.
2025-06-02T17:41:39.616506+0200 - INFO -  Running classifier: rf
2025-06-02T17:41:48.616539+0200 - INFO -  Applying Random Forest without PCA or RFE...
2025-06-02T17:42:04.786090+0200 - INFO - Evaluating model performance...
2025-06-02T17:42:04.787088+0200 - DEBUG - Converted 2D array of probabilities to 1D (positive class).
2025-06-02T17:42:04.834707+0200 - DEBUG - Confusion matrix values: TP=10, FP=1, TN=16, FN=7
2025-06-02T17:42:04.835705+0200 - DEBUG - Computing error margins for classification metrics...
2025-06-02T17:42:04.850850+0200 - DEBUG - Computing binomial error: z=1.0006, metric_value=0.7647, n_samples=34
2025-06-02T17:42:04.851834+0200 - DEBUG - Computing binomial error: z=1.0006, metric_value=0.9091, n_samples=34
2025-06-02T17:42:04.853201+0200 - DEBUG - Computing binomial error: z=1.0006, metric_value=0.5882, n_samples=34
2025-06-02T17:42:04.853201+0200 - DEBUG - Computing binomial error: z=1.0006, metric_value=0.7143, n_samples=34
2025-06-02T17:42:04.854284+0200 - DEBUG - Computing binomial error: z=1.0006, metric_value=0.9412, n_samples=34
2025-06-02T17:42:04.869764+0200 - DEBUG - ROC AUC: 0.7958
2025-06-02T17:42:04.870765+0200 - DEBUG - AUC error estimated: 췀0.0780
2025-06-02T17:42:04.880739+0200 - DEBUG - Converted 2D array of probabilities to 1D (positive class).
2025-06-02T17:42:04.881837+0200 - DEBUG - ROC AUC: 0.7958
2025-06-02T17:42:04.881837+0200 - DEBUG - AUC error estimated: 췀0.0780
2025-06-02T17:43:10.462084+0200 - INFO -  Resampling atlas to voxel size (1.5, 1.5, 1.5)...
2025-06-02T17:43:10.462084+0200 - INFO - 游늭 Loading NIfTI image from: C:\Users\daria\OneDrive\Desktop\ESAME\BN_Atlas_246_2mm.nii.gz
2025-06-02T17:43:10.484354+0200 - DEBUG - Original voxel size: (np.float32(2.0), np.float32(2.0), np.float32(2.0))
2025-06-02T17:43:10.484354+0200 - INFO - 游댌 Calculated zoom factors for resampling: [1.33333333 1.33333333 1.33333333]
2025-06-02T17:43:10.484354+0200 - INFO - 游대 Resampling image with interpolation order 0...
2025-06-02T17:43:10.713538+0200 - SUCCESS - 游 Resampled image saved successfully to: C:\Users\daria\OneDrive\Desktop\ESAME\BN_Atlas_riscalato.nii.gz
2025-06-02T17:43:10.713538+0200 - INFO - 游댢 Starting MATLAB engine...
2025-06-02T17:43:20.783026+0200 - INFO -  Extracting features from NIfTI images using MATLAB...
2025-06-02T18:31:22.854099+0200 - SUCCESS -  Feature extraction completed successfully.
2025-06-02T18:31:22.861934+0200 - INFO -  Running classifier: rf
2025-06-02T18:32:04.469023+0200 - INFO -  Applying Random Forest without PCA or RFE...
2025-06-02T18:32:18.239319+0200 - INFO - Evaluating model performance...
2025-06-02T18:32:18.239319+0200 - DEBUG - Converted 2D array of probabilities to 1D (positive class).
2025-06-02T18:32:18.286747+0200 - DEBUG - Confusion matrix values: TP=9, FP=2, TN=16, FN=7
2025-06-02T18:32:18.286747+0200 - DEBUG - Computing error margins for classification metrics...
2025-06-02T18:32:18.302509+0200 - DEBUG - Computing binomial error: z=1.0006, metric_value=0.7353, n_samples=34
2025-06-02T18:32:18.302509+0200 - DEBUG - Computing binomial error: z=1.0006, metric_value=0.8182, n_samples=34
2025-06-02T18:32:18.302509+0200 - DEBUG - Computing binomial error: z=1.0006, metric_value=0.5625, n_samples=34
2025-06-02T18:32:18.302509+0200 - DEBUG - Computing binomial error: z=1.0006, metric_value=0.6667, n_samples=34
2025-06-02T18:32:18.302509+0200 - DEBUG - Computing binomial error: z=1.0006, metric_value=0.8889, n_samples=34
2025-06-02T18:32:18.320426+0200 - DEBUG - ROC AUC: 0.8854
2025-06-02T18:32:18.320426+0200 - DEBUG - AUC error estimated: 췀0.0609
2025-06-02T18:32:18.322427+0200 - DEBUG - Converted 2D array of probabilities to 1D (positive class).
2025-06-02T18:32:18.336030+0200 - DEBUG - ROC AUC: 0.8854
2025-06-02T18:32:18.336030+0200 - DEBUG - AUC error estimated: 췀0.0609
2025-06-02T18:32:28.581271+0200 - INFO - Evaluating model performance...
2025-06-02T18:32:28.581271+0200 - DEBUG - Converted 2D array of probabilities to 1D (positive class).
2025-06-02T18:32:28.597013+0200 - DEBUG - Confusion matrix values: TP=8, FP=2, TN=20, FN=4
2025-06-02T18:32:28.597013+0200 - DEBUG - Computing error margins for classification metrics...
2025-06-02T18:32:28.597013+0200 - DEBUG - Computing binomial error: z=1.0006, metric_value=0.8235, n_samples=34
2025-06-02T18:32:28.597013+0200 - DEBUG - Computing binomial error: z=1.0006, metric_value=0.8000, n_samples=34
2025-06-02T18:32:28.597013+0200 - DEBUG - Computing binomial error: z=1.0006, metric_value=0.6667, n_samples=34
2025-06-02T18:32:28.597013+0200 - DEBUG - Computing binomial error: z=1.0006, metric_value=0.7273, n_samples=34
2025-06-02T18:32:28.597013+0200 - DEBUG - Computing binomial error: z=1.0006, metric_value=0.9091, n_samples=34
2025-06-02T18:32:28.597013+0200 - DEBUG - ROC AUC: 0.8485
2025-06-02T18:32:28.597013+0200 - DEBUG - AUC error estimated: 췀0.0768
2025-06-02T18:32:28.613035+0200 - DEBUG - Converted 2D array of probabilities to 1D (positive class).
2025-06-02T18:32:28.613035+0200 - DEBUG - ROC AUC: 0.8485
2025-06-02T18:32:28.613035+0200 - DEBUG - AUC error estimated: 췀0.0768
2025-06-02T18:32:28.613035+0200 - DEBUG - Computed average AUC: 0.8670 췀 0.0185
2025-06-02T18:32:28.646185+0200 - INFO - Generating ROC curve plot...
2025-06-02T18:32:36.085259+0200 - DEBUG - Mean Accuracy: 0.7794 췀 0.0441
2025-06-02T18:32:36.085259+0200 - DEBUG - Mean Precision: 0.8091 췀 0.0091
2025-06-02T18:32:36.085259+0200 - DEBUG - Mean Recall: 0.6146 췀 0.0521
2025-06-02T18:32:36.085259+0200 - DEBUG - Mean F1-score: 0.6970 췀 0.0303
2025-06-02T18:32:36.085259+0200 - DEBUG - Mean Specificity: 0.8990 췀 0.0101
2025-06-02T18:32:36.085259+0200 - INFO - Computed mean and standard deviation for classification metrics.
2025-06-02T18:32:36.085259+0200 - INFO - Generating metrics bar plot...
2025-06-02T18:32:40.066398+0200 - SUCCESS -  Trained model saved to 'trained_model_rf.joblib'
2025-06-02T18:32:43.378291+0200 - SUCCESS -  Classification pipeline completed successfully.
2025-06-02T20:07:30.347523+0200 - INFO -  Resampling atlas to voxel size (1.5, 1.5, 1.5)...
2025-06-02T20:07:30.347523+0200 - INFO - 游늭 Loading NIfTI image from: C:\Users\daria\OneDrive\Desktop\ESAME\BN_Atlas_246_2mm.nii.gz
2025-06-02T20:07:30.371213+0200 - DEBUG - Original voxel size: (np.float32(2.0), np.float32(2.0), np.float32(2.0))
2025-06-02T20:07:30.372223+0200 - INFO - 游댌 Calculated zoom factors for resampling: [1.33333333 1.33333333 1.33333333]
2025-06-02T20:07:30.372223+0200 - INFO - 游대 Resampling image with interpolation order 0...
2025-06-02T20:07:30.482763+0200 - SUCCESS - 游 Resampled image saved successfully to: C:\Users\daria\OneDrive\Desktop\ESAME\BN_Atlas_riscalato.nii.gz
2025-06-02T20:07:30.485936+0200 - INFO - 游댢 Starting MATLAB engine...
2025-06-02T20:07:43.643419+0200 - INFO -  Extracting features from NIfTI images using MATLAB...
2025-06-02T20:12:36.840914+0200 - SUCCESS -  Feature extraction completed successfully.
2025-06-02T20:12:36.844920+0200 - INFO -  Running classifier: rf
2025-06-02T20:12:43.401736+0200 - INFO -  Applying Random Forest without PCA or RFE...
2025-06-02T20:12:57.474064+0200 - INFO - Evaluating model performance...
2025-06-02T20:12:57.514877+0200 - DEBUG - Confusion matrix values: TP=9, FP=2, TN=16, FN=7
2025-06-02T20:12:57.514877+0200 - DEBUG - Computing error margins for classification metrics...
2025-06-02T20:12:57.523125+0200 - DEBUG - Computing binomial error: z=1.0006, metric_value=0.7353, n_samples=34
2025-06-02T20:12:57.524156+0200 - DEBUG - Computing binomial error: z=1.0006, metric_value=0.8182, n_samples=34
2025-06-02T20:12:57.525347+0200 - DEBUG - Computing binomial error: z=1.0006, metric_value=0.5625, n_samples=34
2025-06-02T20:12:57.525347+0200 - DEBUG - Computing binomial error: z=1.0006, metric_value=0.6667, n_samples=34
2025-06-02T20:12:57.526327+0200 - DEBUG - Computing binomial error: z=1.0006, metric_value=0.8889, n_samples=34
2025-06-02T20:12:57.536253+0200 - DEBUG - ROC AUC: 0.8507
2025-06-02T20:12:57.537266+0200 - DEBUG - AUC error estimated: 췀0.0689
2025-06-02T20:12:57.546585+0200 - DEBUG - ROC AUC: 0.8507
2025-06-02T20:12:57.547498+0200 - DEBUG - AUC error estimated: 췀0.0689
2025-06-02T20:13:10.351990+0200 - INFO - Evaluating model performance...
2025-06-02T20:13:10.357431+0200 - DEBUG - Confusion matrix values: TP=12, FP=1, TN=19, FN=2
2025-06-02T20:13:10.357431+0200 - DEBUG - Computing error margins for classification metrics...
2025-06-02T20:13:10.357431+0200 - DEBUG - Computing binomial error: z=1.0006, metric_value=0.9118, n_samples=34
2025-06-02T20:13:10.358465+0200 - DEBUG - Computing binomial error: z=1.0006, metric_value=0.9231, n_samples=34
2025-06-02T20:13:10.358465+0200 - DEBUG - Computing binomial error: z=1.0006, metric_value=0.8571, n_samples=34
2025-06-02T20:13:10.358465+0200 - DEBUG - Computing binomial error: z=1.0006, metric_value=0.8889, n_samples=34
2025-06-02T20:13:10.358465+0200 - DEBUG - Computing binomial error: z=1.0006, metric_value=0.9500, n_samples=34
2025-06-02T20:13:10.359466+0200 - DEBUG - ROC AUC: 0.9321
2025-06-02T20:13:10.359466+0200 - DEBUG - AUC error estimated: 췀0.0499
2025-06-02T20:13:10.360962+0200 - DEBUG - ROC AUC: 0.9321
2025-06-02T20:13:10.360962+0200 - DEBUG - AUC error estimated: 췀0.0499
2025-06-02T20:13:10.360962+0200 - DEBUG - Computed average AUC: 0.8914 췀 0.0408
2025-06-02T20:13:10.362484+0200 - INFO - Generating ROC curve plot...
2025-06-02T20:13:14.873315+0200 - DEBUG - Mean Accuracy: 0.8235 췀 0.0882
2025-06-02T20:13:14.873315+0200 - DEBUG - Mean Precision: 0.8706 췀 0.0524
2025-06-02T20:13:14.874315+0200 - DEBUG - Mean Recall: 0.7098 췀 0.1473
2025-06-02T20:13:14.874315+0200 - DEBUG - Mean F1-score: 0.7778 췀 0.1111
2025-06-02T20:13:14.874315+0200 - DEBUG - Mean Specificity: 0.9194 췀 0.0306
2025-06-02T20:13:14.874315+0200 - INFO - Computed mean and standard deviation for classification metrics.
2025-06-02T20:13:14.874315+0200 - INFO - Generating metrics bar plot...
2025-06-03T09:30:49.306596+0200 - INFO -  Resampling atlas to voxel size (1.5, 1.5, 1.5)...
2025-06-03T09:30:49.306596+0200 - INFO - 游늭 Loading NIfTI image from: C:\Users\daria\OneDrive\Desktop\ESAME\BN_Atlas_246_2mm.nii.gz
2025-06-03T09:30:49.338006+0200 - DEBUG - Original voxel size: (np.float32(2.0), np.float32(2.0), np.float32(2.0))
2025-06-03T09:30:49.338006+0200 - INFO - 游댌 Calculated zoom factors for resampling: [1.33333333 1.33333333 1.33333333]
2025-06-03T09:30:49.338006+0200 - INFO - 游대 Resampling image with interpolation order 0...
2025-06-03T09:30:49.688847+0200 - SUCCESS - 游 Resampled image saved successfully to: C:\Users\daria\OneDrive\Desktop\ESAME\BN_Atlas_riscalato.nii.gz
2025-06-03T09:30:49.697718+0200 - INFO - 游댢 Starting MATLAB engine...
2025-06-03T09:31:11.602252+0200 - INFO -  Extracting features from NIfTI images using MATLAB...
2025-06-03T09:43:06.269708+0200 - SUCCESS -  Feature extraction completed successfully.
2025-06-03T09:43:06.284983+0200 - INFO -  Running classifier: rf
2025-06-03T09:44:30.705852+0200 - INFO -  Applying Random Forest without PCA or RFE...
2025-06-03T09:45:13.143979+0200 - INFO - Evaluating model performance...
2025-06-03T09:45:13.191299+0200 - DEBUG - Confusion matrix values: TP=13, FP=3, TN=13, FN=5
2025-06-03T09:45:13.191299+0200 - DEBUG - Computing error margins for classification metrics...
2025-06-03T09:45:13.222764+0200 - DEBUG - Computing binomial error: z=1.0006, metric_value=0.7647, n_samples=34
2025-06-03T09:45:13.222764+0200 - DEBUG - Computing binomial error: z=1.0006, metric_value=0.8125, n_samples=34
2025-06-03T09:45:13.222764+0200 - DEBUG - Computing binomial error: z=1.0006, metric_value=0.7222, n_samples=34
2025-06-03T09:45:13.222764+0200 - DEBUG - Computing binomial error: z=1.0006, metric_value=0.7647, n_samples=34
2025-06-03T09:45:13.222764+0200 - DEBUG - Computing binomial error: z=1.0006, metric_value=0.8125, n_samples=34
2025-06-03T09:45:13.238453+0200 - DEBUG - ROC AUC: 0.8021
2025-06-03T09:45:13.238453+0200 - DEBUG - AUC error estimated: 췀0.0761
2025-06-03T09:45:13.254511+0200 - DEBUG - ROC AUC: 0.8021
2025-06-03T09:45:13.254511+0200 - DEBUG - AUC error estimated: 췀0.0761
2025-06-03T09:45:30.489516+0200 - INFO - Evaluating model performance...
2025-06-03T09:45:30.508586+0200 - DEBUG - Confusion matrix values: TP=16, FP=3, TN=13, FN=2
2025-06-03T09:45:30.516157+0200 - DEBUG - Computing error margins for classification metrics...
2025-06-03T09:45:30.516157+0200 - DEBUG - Computing binomial error: z=1.0006, metric_value=0.8529, n_samples=34
2025-06-03T09:45:30.517879+0200 - DEBUG - Computing binomial error: z=1.0006, metric_value=0.8421, n_samples=34
2025-06-03T09:45:30.517879+0200 - DEBUG - Computing binomial error: z=1.0006, metric_value=0.8889, n_samples=34
2025-06-03T09:45:30.517879+0200 - DEBUG - Computing binomial error: z=1.0006, metric_value=0.8649, n_samples=34
2025-06-03T09:45:30.517879+0200 - DEBUG - Computing binomial error: z=1.0006, metric_value=0.8125, n_samples=34
2025-06-03T09:45:30.524138+0200 - DEBUG - ROC AUC: 0.9132
2025-06-03T09:45:30.528137+0200 - DEBUG - AUC error estimated: 췀0.0512
2025-06-03T09:45:30.532219+0200 - DEBUG - ROC AUC: 0.9132
2025-06-03T09:45:30.532219+0200 - DEBUG - AUC error estimated: 췀0.0512
2025-06-03T09:45:30.538406+0200 - DEBUG - Computed average AUC: 0.8576 췀 0.0556
2025-06-03T09:45:30.587634+0200 - INFO - Generating ROC curve plot...
2025-06-03T09:45:37.001185+0200 - DEBUG - Mean Accuracy: 0.8088 췀 0.0441
2025-06-03T09:45:37.001185+0200 - DEBUG - Mean Precision: 0.8273 췀 0.0148
2025-06-03T09:45:37.001185+0200 - DEBUG - Mean Recall: 0.8056 췀 0.0833
2025-06-03T09:45:37.001185+0200 - DEBUG - Mean F1-score: 0.8148 췀 0.0501
2025-06-03T09:45:37.001185+0200 - DEBUG - Mean Specificity: 0.8125 췀 0.0000
2025-06-03T09:45:37.001185+0200 - INFO - Computed mean and standard deviation for classification metrics.
2025-06-03T09:45:37.005595+0200 - INFO - Generating metrics bar plot...
2025-06-03T09:45:43.163241+0200 - SUCCESS -  Trained model saved to 'trained_model_rf.joblib'
2025-06-03T09:56:38.989524+0200 - SUCCESS -  Classification pipeline completed successfully.
2025-06-03T09:56:55.835521+0200 - INFO -  Resampling atlas to voxel size (1.5, 1.5, 1.5)...
2025-06-03T09:56:55.835521+0200 - INFO - 游늭 Loading NIfTI image from: C:\Users\daria\OneDrive\Desktop\ESAME\BN_Atlas_246_2mm.nii.gz
2025-06-03T09:56:55.870877+0200 - DEBUG - Original voxel size: (np.float32(2.0), np.float32(2.0), np.float32(2.0))
2025-06-03T09:56:55.873215+0200 - INFO - 游댌 Calculated zoom factors for resampling: [1.33333333 1.33333333 1.33333333]
2025-06-03T09:56:55.873215+0200 - INFO - 游대 Resampling image with interpolation order 0...
2025-06-03T09:56:56.247735+0200 - SUCCESS - 游 Resampled image saved successfully to: C:\Users\daria\OneDrive\Desktop\ESAME\BN_Atlas_riscalato.nii.gz
2025-06-03T09:56:56.255650+0200 - INFO - 游댢 Starting MATLAB engine...
2025-06-03T09:57:18.061085+0200 - INFO -  Extracting features from NIfTI images using MATLAB...
2025-06-03T10:09:30.207814+0200 - SUCCESS -  Feature extraction completed successfully.
2025-06-03T10:09:30.220286+0200 - INFO -  Running classifier: rf
2025-06-03T10:09:37.452812+0200 - INFO -  Applying Random Forest without PCA or RFE...
2025-06-03T10:10:47.762179+0200 - INFO - Evaluating model performance...
2025-06-03T10:10:47.857024+0200 - INFO - Computing error margins for classification metrics...
2025-06-03T10:10:47.915838+0200 - INFO - Computed AUC and related metrics: FPR, TPR, ROC AUC, and ROC AUC Error
2025-06-03T10:10:47.947848+0200 - INFO - Computed AUC and related metrics: FPR, TPR, ROC AUC, and ROC AUC Error
2025-06-03T10:11:13.351652+0200 - INFO - Evaluating model performance...
2025-06-03T10:11:13.376545+0200 - INFO - Computing error margins for classification metrics...
2025-06-03T10:11:13.376545+0200 - INFO - Computed AUC and related metrics: FPR, TPR, ROC AUC, and ROC AUC Error
2025-06-03T10:11:13.384308+0200 - INFO - Computed AUC and related metrics: FPR, TPR, ROC AUC, and ROC AUC Error
2025-06-03T10:11:13.384308+0200 - SUCCESS - Computed average AUC across all loops: 0.8982 췀 0.0505
2025-06-03T10:11:13.392537+0200 - INFO - Generating ROC curve plot...
2025-06-03T10:11:19.003454+0200 - SUCCESS - Computed mean values and their standard deviations for all classification metrics across loops.
2025-06-03T10:11:19.011513+0200 - INFO - Generating metrics bar plot...
2025-06-03T10:11:22.023969+0200 - SUCCESS -  Trained model saved to 'trained_model_rf.joblib'
2025-06-03T10:11:28.862824+0200 - SUCCESS -  Classification pipeline completed successfully.
2025-06-03T10:12:02.301700+0200 - INFO -  Resampling atlas to voxel size (1.5, 1.5, 1.5)...
2025-06-03T10:12:02.301700+0200 - INFO - 游늭 Loading NIfTI image from: C:\Users\daria\OneDrive\Desktop\ESAME\BN_Atlas_246_2mm.nii.gz
2025-06-03T10:12:02.359315+0200 - DEBUG - Original voxel size: (np.float32(2.0), np.float32(2.0), np.float32(2.0))
2025-06-03T10:12:02.359315+0200 - INFO - 游댌 Calculated zoom factors for resampling: [1.33333333 1.33333333 1.33333333]
2025-06-03T10:12:02.359315+0200 - INFO - 游대 Resampling image with interpolation order 0...
2025-06-03T10:12:02.732796+0200 - SUCCESS - 游 Resampled image saved successfully to: C:\Users\daria\OneDrive\Desktop\ESAME\BN_Atlas_riscalato.nii.gz
2025-06-03T10:12:02.743770+0200 - INFO - 游댢 Starting MATLAB engine...
2025-06-03T10:13:10.285687+0200 - INFO -  Extracting features from NIfTI images using MATLAB...
2025-06-03T10:14:06.262846+0200 - INFO -  Resampling atlas to voxel size (1.5, 1.5, 1.5)...
2025-06-03T10:14:06.262846+0200 - INFO - 游늭 Loading NIfTI image from: C:\Users\daria\OneDrive\Desktop\ESAME\BN_Atlas_246_2mm.nii.gz
2025-06-03T10:14:06.287289+0200 - DEBUG - Original voxel size: (np.float32(2.0), np.float32(2.0), np.float32(2.0))
2025-06-03T10:14:06.296042+0200 - INFO - 游댌 Calculated zoom factors for resampling: [1.33333333 1.33333333 1.33333333]
2025-06-03T10:14:06.296042+0200 - INFO - 游대 Resampling image with interpolation order 0...
2025-06-03T10:14:06.697891+0200 - SUCCESS - 游 Resampled image saved successfully to: C:\Users\daria\OneDrive\Desktop\ESAME\BN_Atlas_riscalato.nii.gz
2025-06-03T10:14:06.703622+0200 - INFO - 游댢 Starting MATLAB engine...
2025-06-03T10:14:20.321745+0200 - INFO -  Extracting features from NIfTI images using MATLAB...
2025-06-03T10:26:22.192011+0200 - SUCCESS -  Feature extraction completed successfully.
2025-06-03T10:26:22.200830+0200 - INFO -  Running classifier: rf
2025-06-03T10:26:30.752686+0200 - INFO -  Applying Random Forest with PCA...
2025-06-03T10:27:09.412551+0200 - INFO - Evaluating model performance...
2025-06-03T10:27:09.472509+0200 - INFO - Computing error margins for classification metrics...
2025-06-03T10:27:09.514225+0200 - INFO - Computed AUC and related metrics: FPR, TPR, ROC AUC, and ROC AUC Error
2025-06-03T10:27:09.542635+0200 - INFO - Computed AUC and related metrics: FPR, TPR, ROC AUC, and ROC AUC Error
2025-06-03T10:27:42.203249+0200 - INFO - Evaluating model performance...
2025-06-03T10:27:42.228200+0200 - INFO - Computing error margins for classification metrics...
2025-06-03T10:27:42.228200+0200 - INFO - Computed AUC and related metrics: FPR, TPR, ROC AUC, and ROC AUC Error
2025-06-03T10:27:42.236428+0200 - INFO - Computed AUC and related metrics: FPR, TPR, ROC AUC, and ROC AUC Error
2025-06-03T10:27:42.236428+0200 - SUCCESS - Computed average AUC across all loops: 0.7657 췀 0.0108
2025-06-03T10:27:42.286454+0200 - INFO - Generating ROC curve plot...
2025-06-03T10:27:47.509954+0200 - SUCCESS - Computed mean values and their standard deviations for all classification metrics across loops.
2025-06-03T10:27:47.509954+0200 - INFO - Generating metrics bar plot...
2025-06-03T10:27:52.747885+0200 - SUCCESS -  Trained model saved to 'trained_model_rf_pca.joblib'
2025-06-03T10:28:00.335894+0200 - SUCCESS -  Classification pipeline completed successfully.
2025-06-03T10:28:15.830753+0200 - INFO -  Resampling atlas to voxel size (1.5, 1.5, 1.5)...
2025-06-03T10:28:15.830753+0200 - INFO - 游늭 Loading NIfTI image from: C:\Users\daria\OneDrive\Desktop\ESAME\BN_Atlas_246_2mm.nii.gz
2025-06-03T10:28:15.858903+0200 - DEBUG - Original voxel size: (np.float32(2.0), np.float32(2.0), np.float32(2.0))
2025-06-03T10:28:15.858903+0200 - INFO - 游댌 Calculated zoom factors for resampling: [1.33333333 1.33333333 1.33333333]
2025-06-03T10:28:15.863754+0200 - INFO - 游대 Resampling image with interpolation order 0...
2025-06-03T10:28:16.223872+0200 - SUCCESS - 游 Resampled image saved successfully to: C:\Users\daria\OneDrive\Desktop\ESAME\BN_Atlas_riscalato.nii.gz
2025-06-03T10:28:16.228683+0200 - INFO - 游댢 Starting MATLAB engine...
2025-06-03T10:28:34.744228+0200 - INFO -  Extracting features from NIfTI images using MATLAB...
2025-06-03T10:40:43.911967+0200 - SUCCESS -  Feature extraction completed successfully.
2025-06-03T10:40:43.935554+0200 - INFO -  Running classifier: rf
2025-06-03T10:45:27.136110+0200 - INFO -  Applying Random Forest with RFECV...
2025-06-03T11:02:28.115777+0200 - INFO -  Resampling atlas to voxel size (1.5, 1.5, 1.5)...
2025-06-03T11:02:28.115777+0200 - INFO - 游늭 Loading NIfTI image from: C:\Users\daria\OneDrive\Desktop\ESAME\BN_Atlas_246_2mm.nii.gz
2025-06-03T11:02:28.140527+0200 - DEBUG - Original voxel size: (np.float32(2.0), np.float32(2.0), np.float32(2.0))
2025-06-03T11:02:28.148994+0200 - INFO - 游댌 Calculated zoom factors for resampling: [1.33333333 1.33333333 1.33333333]
2025-06-03T11:02:28.151008+0200 - INFO - 游대 Resampling image with interpolation order 0...
2025-06-03T11:02:28.548454+0200 - SUCCESS - 游 Resampled image saved successfully to: C:\Users\daria\OneDrive\Desktop\ESAME\BN_Atlas_riscalato.nii.gz
2025-06-03T11:02:28.559479+0200 - INFO - 游댢 Starting MATLAB engine...
2025-06-03T11:02:49.909881+0200 - INFO -  Extracting features from NIfTI images using MATLAB...
2025-06-03T11:09:14.173270+0200 - SUCCESS -  Feature extraction completed successfully.
2025-06-03T11:09:14.187035+0200 - INFO -  Running classifier: svm
2025-06-03T11:09:14.188113+0200 - INFO -  Applying Support Vector Machine...
2025-06-03T11:13:21.286889+0200 - INFO -  Resampling atlas to voxel size (1.5, 1.5, 1.5)...
2025-06-03T11:13:21.286889+0200 - INFO - 游늭 Loading NIfTI image from: C:\Users\daria\OneDrive\Desktop\ESAME\BN_Atlas_246_2mm.nii.gz
2025-06-03T11:13:21.301930+0200 - DEBUG - Original voxel size: (np.float32(2.0), np.float32(2.0), np.float32(2.0))
2025-06-03T11:13:21.303336+0200 - INFO - 游댌 Calculated zoom factors for resampling: [1.33333333 1.33333333 1.33333333]
2025-06-03T11:13:21.304359+0200 - INFO - 游대 Resampling image with interpolation order 0...
2025-06-03T11:13:21.496141+0200 - SUCCESS - 游 Resampled image saved successfully to: C:\Users\daria\OneDrive\Desktop\ESAME\BN_Atlas_riscalato.nii.gz
2025-06-03T11:13:21.502427+0200 - INFO - 游댢 Starting MATLAB engine...
2025-06-03T11:13:32.392199+0200 - INFO -  Extracting features from NIfTI images using MATLAB...
2025-06-03T11:18:30.209819+0200 - SUCCESS -  Feature extraction completed successfully.
2025-06-03T11:18:30.219505+0200 - INFO -  Running classifier: svm
2025-06-03T11:18:30.219505+0200 - INFO -  Applying Support Vector Machine...
2025-06-03T11:20:41.034285+0200 - INFO - Evaluating model performance...
2025-06-03T11:20:41.054936+0200 - INFO - Computing error margins for classification metrics...
2025-06-03T11:20:41.064431+0200 - INFO - Computed AUC and related metrics: FPR, TPR, ROC AUC, and ROC AUC Error
2025-06-03T11:21:44.417484+0200 - INFO -  Resampling atlas to voxel size (1.5, 1.5, 1.5)...
2025-06-03T11:21:44.417484+0200 - INFO - 游늭 Loading NIfTI image from: C:\Users\daria\OneDrive\Desktop\ESAME\BN_Atlas_246_2mm.nii.gz
2025-06-03T11:21:44.431499+0200 - DEBUG - Original voxel size: (np.float32(2.0), np.float32(2.0), np.float32(2.0))
2025-06-03T11:21:44.432620+0200 - INFO - 游댌 Calculated zoom factors for resampling: [1.33333333 1.33333333 1.33333333]
2025-06-03T11:21:44.433505+0200 - INFO - 游대 Resampling image with interpolation order 0...
2025-06-03T11:21:44.611335+0200 - SUCCESS - 游 Resampled image saved successfully to: C:\Users\daria\OneDrive\Desktop\ESAME\BN_Atlas_riscalato.nii.gz
2025-06-03T11:21:44.612242+0200 - INFO - 游댢 Starting MATLAB engine...
2025-06-03T11:21:54.183880+0200 - INFO -  Extracting features from NIfTI images using MATLAB...
2025-06-03T11:27:03.507610+0200 - SUCCESS -  Feature extraction completed successfully.
2025-06-03T11:27:03.514798+0200 - INFO -  Running classifier: svm
2025-06-03T11:27:03.514798+0200 - INFO -  Applying Support Vector Machine...
2025-06-03T11:29:04.292409+0200 - INFO - Evaluating model performance...
2025-06-03T11:29:04.311818+0200 - INFO - Computing error margins for classification metrics...
2025-06-03T11:29:04.319737+0200 - INFO - Computed AUC and related metrics: FPR, TPR, ROC AUC, and ROC AUC Error
2025-06-03T11:29:04.328348+0200 - INFO - Computed AUC and related metrics: FPR, TPR, ROC AUC, and ROC AUC Error
2025-06-03T11:30:57.192079+0200 - INFO - Evaluating model performance...
2025-06-03T11:30:57.210260+0200 - INFO - Computing error margins for classification metrics...
2025-06-03T11:30:57.215907+0200 - INFO - Computed AUC and related metrics: FPR, TPR, ROC AUC, and ROC AUC Error
2025-06-03T11:30:57.220025+0200 - INFO - Computed AUC and related metrics: FPR, TPR, ROC AUC, and ROC AUC Error
2025-06-03T11:30:57.221355+0200 - SUCCESS - Computed average AUC across all loops: 0.9102 췀 0.0365
2025-06-03T11:30:57.223363+0200 - INFO - Generating ROC curve plot...
2025-06-03T11:31:02.132211+0200 - SUCCESS - Computed mean values and their standard deviations for all classification metrics across loops.
2025-06-03T11:31:02.134552+0200 - INFO - Generating metrics bar plot...
2025-06-03T11:31:05.383310+0200 - SUCCESS -  Trained model saved to 'trained_model_svm_rbf.joblib'
2025-06-03T11:31:19.214190+0200 - SUCCESS -  Classification pipeline completed successfully.
2025-06-03T11:33:20.361308+0200 - INFO -  Resampling atlas to voxel size (1.5, 1.5, 1.5)...
2025-06-03T11:33:20.362388+0200 - INFO - 游늭 Loading NIfTI image from: C:\Users\daria\OneDrive\Desktop\ESAME\BN_Atlas_246_2mm.nii.gz
2025-06-03T11:33:20.379017+0200 - DEBUG - Original voxel size: (np.float32(2.0), np.float32(2.0), np.float32(2.0))
2025-06-03T11:33:20.380027+0200 - INFO - 游댌 Calculated zoom factors for resampling: [1.33333333 1.33333333 1.33333333]
2025-06-03T11:33:20.380027+0200 - INFO - 游대 Resampling image with interpolation order 0...
2025-06-03T11:33:20.543349+0200 - SUCCESS - 游 Resampled image saved successfully to: C:\Users\daria\OneDrive\Desktop\ESAME\BN_Atlas_riscalato.nii.gz
2025-06-03T11:33:20.551395+0200 - INFO - 游댢 Starting MATLAB engine...
2025-06-03T11:33:32.608215+0200 - INFO -  Extracting features from NIfTI images using MATLAB...
2025-06-03T11:38:22.005940+0200 - SUCCESS -  Feature extraction completed successfully.
2025-06-03T11:38:22.010233+0200 - INFO -  Running classifier: rf
2025-06-03T11:43:09.544787+0200 - INFO -  Applying Random Forest with RFECV...
2025-06-03T11:50:15.419934+0200 - INFO -  Resampling atlas to voxel size (1.5, 1.5, 1.5)...
2025-06-03T11:50:15.420934+0200 - INFO - 游늭 Loading NIfTI image from: C:\Users\daria\OneDrive\Desktop\ESAME\BN_Atlas_246_2mm.nii.gz
2025-06-03T11:50:15.432045+0200 - DEBUG - Original voxel size: (np.float32(2.0), np.float32(2.0), np.float32(2.0))
2025-06-03T11:50:15.432045+0200 - INFO - 游댌 Calculated zoom factors for resampling: [1.33333333 1.33333333 1.33333333]
2025-06-03T11:50:15.433118+0200 - INFO - 游대 Resampling image with interpolation order 0...
2025-06-03T11:50:15.643594+0200 - SUCCESS - 游 Resampled image saved successfully to: C:\Users\daria\OneDrive\Desktop\ESAME\BN_Atlas_riscalato.nii.gz
2025-06-03T11:50:15.645589+0200 - INFO - 游댢 Starting MATLAB engine...
2025-06-03T11:50:27.419200+0200 - INFO -  Extracting features from NIfTI images using MATLAB...
2025-06-03T11:55:28.427711+0200 - SUCCESS -  Feature extraction completed successfully.
2025-06-03T11:55:28.438574+0200 - INFO -  Running classifier: rf
2025-06-03T11:55:35.369429+0200 - INFO -  Applying Random Forest with RFECV...
